<?xml version="1.0" encoding="UTF-8"?>
<testsuite xmlns:xsi="http://www.w3.org/2001/XMLSchema-instance" xsi:noNamespaceSchemaLocation="https://maven.apache.org/surefire/maven-surefire-plugin/xsd/surefire-test-report.xsd" name="br.unesp.rc.webservicesoap.service.FisicaServiceTest" time="5.391" tests="5" errors="0" skipped="5" failures="0">
  <properties>
[...]
</properties>
  <testcase name="testFindAll" classname="br.unesp.rc.webservicesoap.service.FisicaServiceTest" time="0">
    <skipped message="public void br.unesp.rc.webservicesoap.service.FisicaServiceTest.testFindAll() is @Disabled"/>
    <system-out><![CDATA[08:49:41.670 [main] DEBUG org.springframework.test.context.BootstrapUtils - Instantiating CacheAwareContextLoaderDelegate from class [org.springframework.test.context.cache.DefaultCacheAwareContextLoaderDelegate]
08:49:41.679 [main] DEBUG org.springframework.test.context.BootstrapUtils - Instantiating BootstrapContext using constructor [public org.springframework.test.context.support.DefaultBootstrapContext(java.lang.Class,org.springframework.test.context.CacheAwareContextLoaderDelegate)]
08:49:41.708 [main] DEBUG org.springframework.test.context.BootstrapUtils - Instantiating TestContextBootstrapper for test class [br.unesp.rc.webservicesoap.service.FisicaServiceTest] from class [org.springframework.boot.test.context.SpringBootTestContextBootstrapper]
08:49:41.716 [main] INFO org.springframework.boot.test.context.SpringBootTestContextBootstrapper - Neither @ContextConfiguration nor @ContextHierarchy found for test class [br.unesp.rc.webservicesoap.service.FisicaServiceTest], using SpringBootContextLoader
08:49:41.718 [main] DEBUG org.springframework.test.context.support.AbstractContextLoader - Did not detect default resource location for test class [br.unesp.rc.webservicesoap.service.FisicaServiceTest]: class path resource [br/unesp/rc/webservicesoap/service/FisicaServiceTest-context.xml] does not exist
08:49:41.719 [main] DEBUG org.springframework.test.context.support.AbstractContextLoader - Did not detect default resource location for test class [br.unesp.rc.webservicesoap.service.FisicaServiceTest]: class path resource [br/unesp/rc/webservicesoap/service/FisicaServiceTestContext.groovy] does not exist
08:49:41.719 [main] INFO org.springframework.test.context.support.AbstractContextLoader - Could not detect default resource locations for test class [br.unesp.rc.webservicesoap.service.FisicaServiceTest]: no resource found for suffixes {-context.xml, Context.groovy}.
08:49:41.719 [main] INFO org.springframework.test.context.support.AnnotationConfigContextLoaderUtils - Could not detect default configuration classes for test class [br.unesp.rc.webservicesoap.service.FisicaServiceTest]: FisicaServiceTest does not declare any static, non-private, non-final, nested classes annotated with @Configuration.
08:49:41.755 [main] DEBUG org.springframework.test.context.support.ActiveProfilesUtils - Could not find an 'annotation declaring class' for annotation type [org.springframework.test.context.ActiveProfiles] and class [br.unesp.rc.webservicesoap.service.FisicaServiceTest]
08:49:41.810 [main] DEBUG org.springframework.context.annotation.ClassPathScanningCandidateComponentProvider - Identified candidate component class: file [C:\Desenvolvimento\Unesp\WebServices\WebServiceClient\target\classes\br\unesp\rc\webservicesoap\WebServiceSoap.class]
08:49:41.811 [main] INFO org.springframework.boot.test.context.SpringBootTestContextBootstrapper - Found @SpringBootConfiguration br.unesp.rc.webservicesoap.WebServiceSoap for test class br.unesp.rc.webservicesoap.service.FisicaServiceTest
08:49:41.902 [main] DEBUG org.springframework.boot.test.context.SpringBootTestContextBootstrapper - @TestExecutionListeners is not present for class [br.unesp.rc.webservicesoap.service.FisicaServiceTest]: using defaults.
08:49:41.903 [main] INFO org.springframework.boot.test.context.SpringBootTestContextBootstrapper - Loaded default TestExecutionListener class names from location [META-INF/spring.factories]: [org.springframework.boot.test.mock.mockito.MockitoTestExecutionListener, org.springframework.boot.test.mock.mockito.ResetMocksTestExecutionListener, org.springframework.boot.test.autoconfigure.restdocs.RestDocsTestExecutionListener, org.springframework.boot.test.autoconfigure.web.client.MockRestServiceServerResetTestExecutionListener, org.springframework.boot.test.autoconfigure.web.servlet.MockMvcPrintOnlyOnFailureTestExecutionListener, org.springframework.boot.test.autoconfigure.web.servlet.WebDriverTestExecutionListener, org.springframework.boot.test.autoconfigure.webservices.client.MockWebServiceServerTestExecutionListener, org.springframework.test.context.web.ServletTestExecutionListener, org.springframework.test.context.support.DirtiesContextBeforeModesTestExecutionListener, org.springframework.test.context.event.ApplicationEventsTestExecutionListener, org.springframework.test.context.support.DependencyInjectionTestExecutionListener, org.springframework.test.context.support.DirtiesContextTestExecutionListener, org.springframework.test.context.transaction.TransactionalTestExecutionListener, org.springframework.test.context.jdbc.SqlScriptsTestExecutionListener, org.springframework.test.context.event.EventPublishingTestExecutionListener]
08:49:41.918 [main] INFO org.springframework.boot.test.context.SpringBootTestContextBootstrapper - Using TestExecutionListeners: [org.springframework.test.context.web.ServletTestExecutionListener@3b7d3a38, org.springframework.test.context.support.DirtiesContextBeforeModesTestExecutionListener@416c58f5, org.springframework.test.context.event.ApplicationEventsTestExecutionListener@5505ae1a, org.springframework.boot.test.mock.mockito.MockitoTestExecutionListener@73cd37c0, org.springframework.boot.test.autoconfigure.SpringBootDependencyInjectionTestExecutionListener@21337f7b, org.springframework.test.context.support.DirtiesContextTestExecutionListener@2bb3058, org.springframework.test.context.transaction.TransactionalTestExecutionListener@7a362b6b, org.springframework.test.context.jdbc.SqlScriptsTestExecutionListener@60df60da, org.springframework.test.context.event.EventPublishingTestExecutionListener@5a2d131d, org.springframework.boot.test.mock.mockito.ResetMocksTestExecutionListener@14fc1f0, org.springframework.boot.test.autoconfigure.restdocs.RestDocsTestExecutionListener@4ae9cfc1, org.springframework.boot.test.autoconfigure.web.client.MockRestServiceServerResetTestExecutionListener@512baff6, org.springframework.boot.test.autoconfigure.web.servlet.MockMvcPrintOnlyOnFailureTestExecutionListener@632ceb35, org.springframework.boot.test.autoconfigure.web.servlet.WebDriverTestExecutionListener@1c93f6e1, org.springframework.boot.test.autoconfigure.webservices.client.MockWebServiceServerTestExecutionListener@1800a575]
08:49:41.922 [main] DEBUG org.springframework.test.context.support.AbstractDirtiesContextTestExecutionListener - Before test class: context [DefaultTestContext@5d066c7d testClass = FisicaServiceTest, testInstance = [null], testMethod = [null], testException = [null], mergedContextConfiguration = [WebMergedContextConfiguration@1e461e41 testClass = FisicaServiceTest, locations = '{}', classes = '{class br.unesp.rc.webservicesoap.WebServiceSoap}', contextInitializerClasses = '[]', activeProfiles = '{}', propertySourceLocations = '{}', propertySourceProperties = '{org.springframework.boot.test.context.SpringBootTestContextBootstrapper=true}', contextCustomizers = set[org.springframework.boot.test.context.filter.ExcludeFilterContextCustomizer@169e6180, org.springframework.boot.test.json.DuplicateJsonObjectContextCustomizerFactory$DuplicateJsonObjectContextCustomizer@6283d8b8, org.springframework.boot.test.mock.mockito.MockitoContextCustomizer@0, org.springframework.boot.test.web.client.TestRestTemplateContextCustomizer@5ba3f27a, org.springframework.boot.test.autoconfigure.actuate.metrics.MetricsExportContextCustomizerFactory$DisableMetricExportContextCustomizer@1b2abca6, org.springframework.boot.test.autoconfigure.properties.PropertyMappingContextCustomizer@0, org.springframework.boot.test.autoconfigure.web.servlet.WebDriverContextCustomizerFactory$Customizer@550dbc7a, org.springframework.boot.test.context.SpringBootTestArgs@1, org.springframework.boot.test.context.SpringBootTestWebEnvironment@7113b13f], resourceBasePath = 'src/main/webapp', contextLoader = 'org.springframework.boot.test.context.SpringBootContextLoader', parent = [null]], attributes = map['org.springframework.test.context.web.ServletTestExecutionListener.activateListener' -> true]], class annotated with @DirtiesContext [false] with mode [null].

  .   ____          _            __ _ _
 /\\ / ___'_ __ _ _(_)_ __  __ _ \ \ \ \
( ( )\___ | '_ | '_| | '_ \/ _` | \ \ \ \
 \\/  ___)| |_)| | | | | || (_| |  ) ) ) )
  '  |____| .__|_| |_|_| |_\__, | / / / /
 =========|_|==============|___/=/_/_/_/
 :: Spring Boot ::                (v2.7.3)

2022-10-07 08:49:42.191  INFO 5744 --- [           main] b.u.r.w.service.FisicaServiceTest        : Starting FisicaServiceTest using Java 17.0.4 on Lucas-Note with PID 5744 (started by Lucas in C:\Desenvolvimento\Unesp\WebServices\WebServiceClient)
2022-10-07 08:49:42.192  INFO 5744 --- [           main] b.u.r.w.service.FisicaServiceTest        : No active profile set, falling back to 1 default profile: "default"
2022-10-07 08:49:42.842  INFO 5744 --- [           main] .s.d.r.c.RepositoryConfigurationDelegate : Bootstrapping Spring Data JPA repositories in DEFAULT mode.
2022-10-07 08:49:42.895  INFO 5744 --- [           main] .s.d.r.c.RepositoryConfigurationDelegate : Finished Spring Data repository scanning in 45 ms. Found 1 JPA repository interfaces.
2022-10-07 08:49:43.156  INFO 5744 --- [           main] trationDelegate$BeanPostProcessorChecker : Bean 'org.springframework.ws.config.annotation.DelegatingWsConfiguration' of type [org.springframework.ws.config.annotation.DelegatingWsConfiguration$$EnhancerBySpringCGLIB$$6b846386] is not eligible for getting processed by all BeanPostProcessors (for example: not eligible for auto-proxying)
2022-10-07 08:49:43.213  INFO 5744 --- [           main] .w.s.a.s.AnnotationActionEndpointMapping : Supporting [WS-Addressing August 2004, WS-Addressing 1.0]
2022-10-07 08:49:43.476  INFO 5744 --- [           main] o.hibernate.jpa.internal.util.LogHelper  : HHH000204: Processing PersistenceUnitInfo [name: default]
2022-10-07 08:49:43.540  INFO 5744 --- [           main] org.hibernate.Version                    : HHH000412: Hibernate ORM core version 5.6.10.Final
2022-10-07 08:49:43.698  INFO 5744 --- [           main] o.hibernate.annotations.common.Version   : HCANN000001: Hibernate Commons Annotations {5.1.2.Final}
2022-10-07 08:49:43.876  INFO 5744 --- [           main] com.zaxxer.hikari.HikariDataSource       : HikariPool-1 - Starting...
2022-10-07 08:49:44.241  INFO 5744 --- [           main] com.zaxxer.hikari.HikariDataSource       : HikariPool-1 - Start completed.
2022-10-07 08:49:44.263  INFO 5744 --- [           main] org.hibernate.dialect.Dialect            : HHH000400: Using dialect: org.hibernate.dialect.MySQL5InnoDBDialect
2022-10-07 08:49:45.010  INFO 5744 --- [           main] o.h.e.t.j.p.i.JtaPlatformInitiator       : HHH000490: Using JtaPlatform implementation: [org.hibernate.engine.transaction.jta.platform.internal.NoJtaPlatform]
2022-10-07 08:49:45.016  INFO 5744 --- [           main] j.LocalContainerEntityManagerFactoryBean : Initialized JPA EntityManagerFactory for persistence unit 'default'
2022-10-07 08:49:45.718  WARN 5744 --- [           main] JpaBaseConfiguration$JpaWebConfiguration : spring.jpa.open-in-view is enabled by default. Therefore, database queries may be performed during view rendering. Explicitly configure spring.jpa.open-in-view to disable this warning
2022-10-07 08:49:45.973  INFO 5744 --- [           main] o.s.b.a.w.s.WelcomePageHandlerMapping    : Adding welcome page: class path resource [static/index.html]
2022-10-07 08:49:46.962  INFO 5744 --- [           main] b.u.r.w.service.FisicaServiceTest        : Started FisicaServiceTest in 4.998 seconds (JVM running for 11.851)

Fisica(super=Pessoa(idPessoa=0, nome=Juca Chaves, endereco=[Endereco(idEndereco=0, rua=Avenida 24A, numero=1515, bairro=Bela Vista, cep=13506-900, cidade=Rio Claro, estado=SP), Endereco(idEndereco=0, rua=Avenida 24A, numero=2020, bairro=Bela Vista, cep=13506-900, cidade=Rio Claro, estado=SP), Endereco(idEndereco=0, rua=Avenida 24A, numero=3030, bairro=Bela Vista, cep=13506-900, cidade=Rio Claro, estado=SP)], acesso=Acesso(usuario=user1, senha=deitel), contato=Contato(idContato=0, telefoneResidencial=3333-4444, telefoneComercial=3333-5555, celular=98888-7777, email=juca@chaves.com.br)), cpf=111.222.333-44, dataNascimento=Fri Oct 07 08:49:46 BRT 2022)

]]></system-out>
  </testcase>
  <testcase name="testSave" classname="br.unesp.rc.webservicesoap.service.FisicaServiceTest" time="0">
    <skipped message="public void br.unesp.rc.webservicesoap.service.FisicaServiceTest.testSave() is @Disabled"/>
  </testcase>
  <testcase name="testFindByCpf" classname="br.unesp.rc.webservicesoap.service.FisicaServiceTest" time="0">
    <skipped message="public void br.unesp.rc.webservicesoap.service.FisicaServiceTest.testFindByCpf() is @Disabled"/>
  </testcase>
  <testcase name="testDelete" classname="br.unesp.rc.webservicesoap.service.FisicaServiceTest" time="0">
    <skipped message="public void br.unesp.rc.webservicesoap.service.FisicaServiceTest.testDelete() is @Disabled"/>
  </testcase>
  <testcase name="testUpdate" classname="br.unesp.rc.webservicesoap.service.FisicaServiceTest" time="0">
    <skipped message="public void br.unesp.rc.webservicesoap.service.FisicaServiceTest.testUpdate() is @Disabled"/>
  </testcase>
</testsuite>